This is XeTeX, Version 3.14159265-2.6-0.99999 (TeX Live 2018/W32TeX) (preloaded format=xelatex 2019.8.11)  2 NOV 2019 22:14
entering extended mode
 restricted \write18 enabled.
 %&-line parsing enabled.
**introduction.tex
(./introduction.tex
LaTeX2e <2018-04-01> patch level 2
Babel <3.18> and hyphenation patterns for 84 language(s) loaded.
! Undefined control sequence.
l.1 \section
            {导言}
The control sequence at the end of the top line
of your error message was never \def'ed. If you have
misspelled it (e.g., `\hobx'), type `I' and the correct
spelling (e.g., `I\hbox'). Otherwise just continue,
and I'll forget about whatever was undefined.


! LaTeX Error: Missing \begin{document}.

See the LaTeX manual or LaTeX Companion for explanation.
Type  H <return>  for immediate help.
 ...                                              
                                                  
l.1 \section{导
              言}
You're in trouble here.  Try typing  <return>  to proceed.
If that doesn't work, type  X <return>  to quit.

Missing character: There is no 导 in font nullfont!
Missing character: There is no 言 in font nullfont!

Overfull \hbox (20.0pt too wide) in paragraph at lines 1--2
[] 
 []


! LaTeX Error: Missing \begin{document}.

See the LaTeX manual or LaTeX Companion for explanation.
Type  H <return>  for immediate help.
 ...                                              
                                                  
l.3 学
     习计量经济学应该准备什么？怎么去做？首先推荐浙江大学蒋岳祥老师的中高级计量经济学，厦门大学洪永淼老师的高级计量经济学和概率论与统计学。然后我认...

You're in trouble here.  Try typing  <return>  to proceed.
If that doesn't work, type  X <return>  to quit.

Missing character: There is no 学 in font nullfont!
Missing character: There is no 习 in font nullfont!
Missing character: There is no 计 in font nullfont!
Missing character: There is no 量 in font nullfont!
Missing character: There is no 经 in font nullfont!
Missing character: There is no 济 in font nullfont!
Missing character: There is no 学 in font nullfont!
Missing character: There is no 应 in font nullfont!
Missing character: There is no 该 in font nullfont!
Missing character: There is no 准 in font nullfont!
Missing character: There is no 备 in font nullfont!
Missing character: There is no 什 in font nullfont!
Missing character: There is no 么 in font nullfont!
Missing character: There is no ？ in font nullfont!
Missing character: There is no 怎 in font nullfont!
Missing character: There is no 么 in font nullfont!
Missing character: There is no 去 in font nullfont!
Missing character: There is no 做 in font nullfont!
Missing character: There is no ？ in font nullfont!
Missing character: There is no 首 in font nullfont!
Missing character: There is no 先 in font nullfont!
Missing character: There is no 推 in font nullfont!
Missing character: There is no 荐 in font nullfont!
Missing character: There is no 浙 in font nullfont!
Missing character: There is no 江 in font nullfont!
Missing character: There is no 大 in font nullfont!
Missing character: There is no 学 in font nullfont!
Missing character: There is no 蒋 in font nullfont!
Missing character: There is no 岳 in font nullfont!
Missing character: There is no 祥 in font nullfont!
Missing character: There is no 老 in font nullfont!
Missing character: There is no 师 in font nullfont!
Missing character: There is no 的 in font nullfont!
Missing character: There is no 中 in font nullfont!
Missing character: There is no 高 in font nullfont!
Missing character: There is no 级 in font nullfont!
Missing character: There is no 计 in font nullfont!
Missing character: There is no 量 in font nullfont!
Missing character: There is no 经 in font nullfont!
Missing character: There is no 济 in font nullfont!
Missing character: There is no 学 in font nullfont!
Missing character: There is no ， in font nullfont!
Missing character: There is no 厦 in font nullfont!
Missing character: There is no 门 in font nullfont!
Missing character: There is no 大 in font nullfont!
Missing character: There is no 学 in font nullfont!
Missing character: There is no 洪 in font nullfont!
Missing character: There is no 永 in font nullfont!
Missing character: There is no 淼 in font nullfont!
Missing character: There is no 老 in font nullfont!
Missing character: There is no 师 in font nullfont!
Missing character: There is no 的 in font nullfont!
Missing character: There is no 高 in font nullfont!
Missing character: There is no 级 in font nullfont!
Missing character: There is no 计 in font nullfont!
Missing character: There is no 量 in font nullfont!
Missing character: There is no 经 in font nullfont!
Missing character: There is no 济 in font nullfont!
Missing character: There is no 学 in font nullfont!
Missing character: There is no 和 in font nullfont!
Missing character: There is no 概 in font nullfont!
Missing character: There is no 率 in font nullfont!
Missing character: There is no 论 in font nullfont!
Missing character: There is no 与 in font nullfont!
Missing character: There is no 统 in font nullfont!
Missing character: There is no 计 in font nullfont!
Missing character: There is no 学 in font nullfont!
Missing character: There is no 。 in font nullfont!
Missing character: There is no 然 in font nullfont!
Missing character: There is no 后 in font nullfont!
Missing character: There is no 我 in font nullfont!
Missing character: There is no 认 in font nullfont!
Missing character: There is no 为 in font nullfont!
Missing character: There is no 需 in font nullfont!
Missing character: There is no 要 in font nullfont!
Missing character: There is no 看 in font nullfont!
Missing character: There is no 一 in font nullfont!
Missing character: There is no 些 in font nullfont!
Missing character: There is no 文 in font nullfont!
Missing character: There is no 献 in font nullfont!
Missing character: There is no 啦 in font nullfont!
Missing character: There is no 。 in font nullfont!

Overfull \hbox (20.0pt too wide) in paragraph at lines 3--4
[] 
 []


! LaTeX Error: Missing \begin{document}.

See the LaTeX manual or LaTeX Companion for explanation.
Type  H <return>  for immediate help.
 ...                                              
                                                  
l.5 回
     归包括线性回归和非线性回归，数据决定模型。计量经济学一般会求均值（一阶矩）和方差（二阶矩）。一般来说$ \overline{X}  \sim ...

You're in trouble here.  Try typing  <return>  to proceed.
If that doesn't work, type  X <return>  to quit.

Missing character: There is no 回 in font nullfont!
Missing character: There is no 归 in font nullfont!
Missing character: There is no 包 in font nullfont!
Missing character: There is no 括 in font nullfont!
Missing character: There is no 线 in font nullfont!
Missing character: There is no 性 in font nullfont!
Missing character: There is no 回 in font nullfont!
Missing character: There is no 归 in font nullfont!
Missing character: There is no 和 in font nullfont!
Missing character: There is no 非 in font nullfont!
Missing character: There is no 线 in font nullfont!
Missing character: There is no 性 in font nullfont!
Missing character: There is no 回 in font nullfont!
Missing character: There is no 归 in font nullfont!
Missing character: There is no ， in font nullfont!
Missing character: There is no 数 in font nullfont!
Missing character: There is no 据 in font nullfont!
Missing character: There is no 决 in font nullfont!
Missing character: There is no 定 in font nullfont!
Missing character: There is no 模 in font nullfont!
Missing character: There is no 型 in font nullfont!
Missing character: There is no 。 in font nullfont!
Missing character: There is no 计 in font nullfont!
Missing character: There is no 量 in font nullfont!
Missing character: There is no 经 in font nullfont!
Missing character: There is no 济 in font nullfont!
Missing character: There is no 学 in font nullfont!
Missing character: There is no 一 in font nullfont!
Missing character: There is no 般 in font nullfont!
Missing character: There is no 会 in font nullfont!
Missing character: There is no 求 in font nullfont!
Missing character: There is no 均 in font nullfont!
Missing character: There is no 值 in font nullfont!
Missing character: There is no （ in font nullfont!
Missing character: There is no 一 in font nullfont!
Missing character: There is no 阶 in font nullfont!
Missing character: There is no 矩 in font nullfont!
Missing character: There is no ） in font nullfont!
Missing character: There is no 和 in font nullfont!
Missing character: There is no 方 in font nullfont!
Missing character: There is no 差 in font nullfont!
Missing character: There is no （ in font nullfont!
Missing character: There is no 二 in font nullfont!
Missing character: There is no 阶 in font nullfont!
Missing character: There is no 矩 in font nullfont!
Missing character: There is no ） in font nullfont!
Missing character: There is no 。 in font nullfont!
Missing character: There is no 一 in font nullfont!
Missing character: There is no 般 in font nullfont!
Missing character: There is no 来 in font nullfont!
Missing character: There is no 说 in font nullfont!
LaTeX Font Info:    External font `cmex10' loaded for size
(Font)              <7> on input line 5.
LaTeX Font Info:    External font `cmex10' loaded for size
(Font)              <5> on input line 5.
)
! Emergency stop.
<*> introduction.tex
                    
*** (job aborted, no legal \end found)

 
Here is how much of TeX's memory you used:
 6 strings out of 492970
 90 string characters out of 6137298
 63642 words of memory out of 5000000
 4114 multiletter control sequences out of 15000+600000
 3640 words of font info for 14 fonts, out of 8000000 for 9000
 1348 hyphenation exceptions out of 8191
 18i,2n,12p,125b,56s stack positions out of 5000i,500n,10000p,200000b,80000s
No pages of output.
